SonarQube plugins:
  - SonarPython 2.8.0.6204 (python)
  - SonarCSS 1.2.0.1325 (cssfamily)
  - JaCoCo 1.1.0.898 (jacoco)
  - SonarGo 1.6.0.719 (go)
  - SonarKotlin 1.5.0.315 (kotlin)
  - Svn 1.9.0.1295 (scmsvn)
  - SonarJS 6.2.0.12043 (javascript)
  - SonarRuby 1.5.0.315 (ruby)
  - SonarScala 1.5.0.315 (sonarscala)
  - C# Code Quality and Security 8.6.1.17183 (csharp)
  - Java Code Quality and Security 6.3.0.21585 (java)
  - SonarHTML 3.2.0.2082 (web)
  - Git 1.11.1.2008 (scmgit)
  - SonarFlex 2.5.1.1831 (flex)
  - SonarXML 2.0.1.2020 (xml)
  - SonarPHP 3.3.0.5166 (php)
  - SonarTS 2.1.0.4359 (typescript)
  - VB.NET Code Quality and Security 8.6.1.17183 (vbnet)
Global server settings:
  - sonar.core.id=BF41A1F2-AXHeZF-f7JgBnLWts9-x
  - sonar.core.startTime=2020-05-04T06:47:10+0000
Project server settings:
Project scanner properties:
  - sonar.exclusions=node_modules/**,bower_components/**,jspm_packages/**,typings/**,lib-cov/**,coverage/**
  - sonar.host.url=http://localhost:9000
  - sonar.inclusions=**
  - sonar.javascript.lcov.reportPaths=coverage/lcov.info
  - sonar.projectBaseDir=/Users/user/SonarQube-Example
  - sonar.projectDescription=No description.
  - sonar.projectKey=NodeSonarExample
  - sonar.projectName=NodeSonarExample
  - sonar.projectVersion=1.0.0
  - sonar.scanner.app=ScannerCli
  - sonar.scanner.appVersion=4.3.0.2102
  - sonar.sourceEncoding=UTF-8
  - sonar.sources=src
  - sonar.test.inclusions=src/**/*.spec.js,src/**/*.spec.jsx,src/**/*.test.js,src/**/*.test.jsx
  - sonar.testExecutionReportPaths=coverage/test-reporter.xml
  - sonar.tests=src
  - sonar.working.directory=/Users/user/SonarQube-Example/.scannerwork
